{"total": {"lines":{"total":327,"covered":121,"skipped":0,"pct":37},"statements":{"total":334,"covered":121,"skipped":0,"pct":36.22},"functions":{"total":95,"covered":19,"skipped":0,"pct":20},"branches":{"total":118,"covered":31,"skipped":0,"pct":26.27},"branchesTrue":{"total":0,"covered":0,"skipped":0,"pct":100}}
,"/Users/nls.pglenn/github/Codesmith/Prism/client/index.tsx": {"lines":{"total":3,"covered":0,"skipped":0,"pct":0},"functions":{"total":0,"covered":0,"skipped":0,"pct":100},"statements":{"total":3,"covered":0,"skipped":0,"pct":0},"branches":{"total":0,"covered":0,"skipped":0,"pct":100}}
,"/Users/nls.pglenn/github/Codesmith/Prism/client/components/App.tsx": {"lines":{"total":6,"covered":0,"skipped":0,"pct":0},"functions":{"total":2,"covered":0,"skipped":0,"pct":0},"statements":{"total":7,"covered":0,"skipped":0,"pct":0},"branches":{"total":0,"covered":0,"skipped":0,"pct":100}}
,"/Users/nls.pglenn/github/Codesmith/Prism/client/components/Login.tsx": {"lines":{"total":22,"covered":8,"skipped":0,"pct":36.36},"functions":{"total":6,"covered":2,"skipped":0,"pct":33.33},"statements":{"total":22,"covered":8,"skipped":0,"pct":36.36},"branches":{"total":10,"covered":3,"skipped":0,"pct":30}}
,"/Users/nls.pglenn/github/Codesmith/Prism/client/components/Signup.tsx": {"lines":{"total":25,"covered":12,"skipped":0,"pct":48},"functions":{"total":8,"covered":3,"skipped":0,"pct":37.5},"statements":{"total":26,"covered":12,"skipped":0,"pct":46.15},"branches":{"total":10,"covered":3,"skipped":0,"pct":30}}
,"/Users/nls.pglenn/github/Codesmith/Prism/client/components/ClusterView/Dashboard.tsx": {"lines":{"total":19,"covered":0,"skipped":0,"pct":0},"functions":{"total":7,"covered":0,"skipped":0,"pct":0},"statements":{"total":19,"covered":0,"skipped":0,"pct":0},"branches":{"total":10,"covered":0,"skipped":0,"pct":0}}
,"/Users/nls.pglenn/github/Codesmith/Prism/client/components/ClusterView/ClusterViewHeader/ClusterViewHeader.tsx": {"lines":{"total":2,"covered":0,"skipped":0,"pct":0},"functions":{"total":1,"covered":0,"skipped":0,"pct":0},"statements":{"total":2,"covered":0,"skipped":0,"pct":0},"branches":{"total":0,"covered":0,"skipped":0,"pct":100}}
,"/Users/nls.pglenn/github/Codesmith/Prism/client/components/ClusterView/ClusterViewHeader/LighDarkMode.tsx": {"lines":{"total":5,"covered":3,"skipped":0,"pct":60},"functions":{"total":3,"covered":1,"skipped":0,"pct":33.33},"statements":{"total":5,"covered":3,"skipped":0,"pct":60},"branches":{"total":6,"covered":1,"skipped":0,"pct":16.66}}
,"/Users/nls.pglenn/github/Codesmith/Prism/client/components/ClusterView/ClusterViewHeader/Profile.tsx": {"lines":{"total":2,"covered":0,"skipped":0,"pct":0},"functions":{"total":1,"covered":0,"skipped":0,"pct":0},"statements":{"total":2,"covered":0,"skipped":0,"pct":0},"branches":{"total":0,"covered":0,"skipped":0,"pct":100}}
,"/Users/nls.pglenn/github/Codesmith/Prism/client/components/ClusterView/ClusterViewHeader/themeContext.tsx": {"lines":{"total":23,"covered":22,"skipped":0,"pct":95.65},"functions":{"total":4,"covered":4,"skipped":0,"pct":100},"statements":{"total":24,"covered":22,"skipped":0,"pct":91.66},"branches":{"total":14,"covered":10,"skipped":0,"pct":71.42}}
,"/Users/nls.pglenn/github/Codesmith/Prism/client/components/ClusterView/Dashboard/ClusterMap.tsx": {"lines":{"total":2,"covered":0,"skipped":0,"pct":0},"functions":{"total":1,"covered":0,"skipped":0,"pct":0},"statements":{"total":2,"covered":0,"skipped":0,"pct":0},"branches":{"total":0,"covered":0,"skipped":0,"pct":100}}
,"/Users/nls.pglenn/github/Codesmith/Prism/client/components/ClusterView/Dashboard/NodesView.tsx": {"lines":{"total":2,"covered":0,"skipped":0,"pct":0},"functions":{"total":1,"covered":0,"skipped":0,"pct":0},"statements":{"total":2,"covered":0,"skipped":0,"pct":0},"branches":{"total":0,"covered":0,"skipped":0,"pct":100}}
,"/Users/nls.pglenn/github/Codesmith/Prism/client/components/ClusterView/Dashboard/Overview.tsx": {"lines":{"total":2,"covered":0,"skipped":0,"pct":0},"functions":{"total":1,"covered":0,"skipped":0,"pct":0},"statements":{"total":2,"covered":0,"skipped":0,"pct":0},"branches":{"total":0,"covered":0,"skipped":0,"pct":100}}
,"/Users/nls.pglenn/github/Codesmith/Prism/client/components/ClusterView/Dashboard/PodsView.tsx": {"lines":{"total":2,"covered":0,"skipped":0,"pct":0},"functions":{"total":1,"covered":0,"skipped":0,"pct":0},"statements":{"total":2,"covered":0,"skipped":0,"pct":0},"branches":{"total":0,"covered":0,"skipped":0,"pct":100}}
,"/Users/nls.pglenn/github/Codesmith/Prism/client/components/ClusterView/SidePanel/Navigation.tsx": {"lines":{"total":21,"covered":0,"skipped":0,"pct":0},"functions":{"total":5,"covered":0,"skipped":0,"pct":0},"statements":{"total":21,"covered":0,"skipped":0,"pct":0},"branches":{"total":0,"covered":0,"skipped":0,"pct":100}}
,"/Users/nls.pglenn/github/Codesmith/Prism/client/components/ClusterView/SidePanel/SidePanel.tsx": {"lines":{"total":2,"covered":0,"skipped":0,"pct":0},"functions":{"total":1,"covered":0,"skipped":0,"pct":0},"statements":{"total":2,"covered":0,"skipped":0,"pct":0},"branches":{"total":0,"covered":0,"skipped":0,"pct":100}}
,"/Users/nls.pglenn/github/Codesmith/Prism/client/components/LandingPage/LandingFooter.tsx": {"lines":{"total":2,"covered":0,"skipped":0,"pct":0},"functions":{"total":1,"covered":0,"skipped":0,"pct":0},"statements":{"total":2,"covered":0,"skipped":0,"pct":0},"branches":{"total":0,"covered":0,"skipped":0,"pct":100}}
,"/Users/nls.pglenn/github/Codesmith/Prism/client/components/LandingPage/LandingHeader.tsx": {"lines":{"total":12,"covered":0,"skipped":0,"pct":0},"functions":{"total":6,"covered":0,"skipped":0,"pct":0},"statements":{"total":12,"covered":0,"skipped":0,"pct":0},"branches":{"total":6,"covered":0,"skipped":0,"pct":0}}
,"/Users/nls.pglenn/github/Codesmith/Prism/client/components/LandingPage/LandingMain.tsx": {"lines":{"total":7,"covered":0,"skipped":0,"pct":0},"functions":{"total":3,"covered":0,"skipped":0,"pct":0},"statements":{"total":7,"covered":0,"skipped":0,"pct":0},"branches":{"total":10,"covered":0,"skipped":0,"pct":0}}
,"/Users/nls.pglenn/github/Codesmith/Prism/client/components/LandingPage/LandingPage.tsx": {"lines":{"total":1,"covered":0,"skipped":0,"pct":0},"functions":{"total":1,"covered":0,"skipped":0,"pct":0},"statements":{"total":1,"covered":0,"skipped":0,"pct":0},"branches":{"total":0,"covered":0,"skipped":0,"pct":100}}
,"/Users/nls.pglenn/github/Codesmith/Prism/client/features/oauth/index.d.ts": {"lines":{"total":0,"covered":0,"skipped":0,"pct":100},"functions":{"total":0,"covered":0,"skipped":0,"pct":100},"statements":{"total":0,"covered":0,"skipped":0,"pct":100},"branches":{"total":0,"covered":0,"skipped":0,"pct":100}}
,"/Users/nls.pglenn/github/Codesmith/Prism/client/features/oauth/index.ts": {"lines":{"total":0,"covered":0,"skipped":0,"pct":100},"functions":{"total":0,"covered":0,"skipped":0,"pct":100},"statements":{"total":0,"covered":0,"skipped":0,"pct":100},"branches":{"total":0,"covered":0,"skipped":0,"pct":100}}
,"/Users/nls.pglenn/github/Codesmith/Prism/client/features/oauth/components/GitHubSignIn.tsx": {"lines":{"total":3,"covered":2,"skipped":0,"pct":66.66},"functions":{"total":2,"covered":1,"skipped":0,"pct":50},"statements":{"total":3,"covered":2,"skipped":0,"pct":66.66},"branches":{"total":0,"covered":0,"skipped":0,"pct":100}}
,"/Users/nls.pglenn/github/Codesmith/Prism/client/features/oauth/utils/checkGitHubToken.ts": {"lines":{"total":12,"covered":1,"skipped":0,"pct":8.33},"functions":{"total":4,"covered":0,"skipped":0,"pct":0},"statements":{"total":12,"covered":1,"skipped":0,"pct":8.33},"branches":{"total":6,"covered":0,"skipped":0,"pct":0}}
,"/Users/nls.pglenn/github/Codesmith/Prism/client/features/oauth/utils/githubLogin.ts": {"lines":{"total":4,"covered":2,"skipped":0,"pct":50},"functions":{"total":1,"covered":0,"skipped":0,"pct":0},"statements":{"total":4,"covered":2,"skipped":0,"pct":50},"branches":{"total":0,"covered":0,"skipped":0,"pct":100}}
,"/Users/nls.pglenn/github/Codesmith/Prism/server/index.ts": {"lines":{"total":3,"covered":0,"skipped":0,"pct":0},"functions":{"total":1,"covered":0,"skipped":0,"pct":0},"statements":{"total":3,"covered":0,"skipped":0,"pct":0},"branches":{"total":0,"covered":0,"skipped":0,"pct":100}}
,"/Users/nls.pglenn/github/Codesmith/Prism/server/server.ts": {"lines":{"total":17,"covered":11,"skipped":0,"pct":64.7},"functions":{"total":3,"covered":0,"skipped":0,"pct":0},"statements":{"total":17,"covered":11,"skipped":0,"pct":64.7},"branches":{"total":0,"covered":0,"skipped":0,"pct":100}}
,"/Users/nls.pglenn/github/Codesmith/Prism/server/controllers/metricsController.ts": {"lines":{"total":26,"covered":2,"skipped":0,"pct":7.69},"functions":{"total":8,"covered":0,"skipped":0,"pct":0},"statements":{"total":28,"covered":2,"skipped":0,"pct":7.14},"branches":{"total":10,"covered":0,"skipped":0,"pct":0}}
,"/Users/nls.pglenn/github/Codesmith/Prism/server/controllers/userController.ts": {"lines":{"total":57,"covered":29,"skipped":0,"pct":50.87},"functions":{"total":7,"covered":3,"skipped":0,"pct":42.85},"statements":{"total":58,"covered":29,"skipped":0,"pct":50},"branches":{"total":30,"covered":12,"skipped":0,"pct":40}}
,"/Users/nls.pglenn/github/Codesmith/Prism/server/db/db.ts": {"lines":{"total":6,"covered":5,"skipped":0,"pct":83.33},"functions":{"total":1,"covered":1,"skipped":0,"pct":100},"statements":{"total":6,"covered":5,"skipped":0,"pct":83.33},"branches":{"total":0,"covered":0,"skipped":0,"pct":100}}
,"/Users/nls.pglenn/github/Codesmith/Prism/server/db/models/userSchema.ts": {"lines":{"total":12,"covered":12,"skipped":0,"pct":100},"functions":{"total":2,"covered":2,"skipped":0,"pct":100},"statements":{"total":13,"covered":12,"skipped":0,"pct":92.3},"branches":{"total":4,"covered":2,"skipped":0,"pct":50}}
,"/Users/nls.pglenn/github/Codesmith/Prism/server/routers/apiRouter.ts": {"lines":{"total":8,"covered":3,"skipped":0,"pct":37.5},"functions":{"total":3,"covered":0,"skipped":0,"pct":0},"statements":{"total":8,"covered":3,"skipped":0,"pct":37.5},"branches":{"total":2,"covered":0,"skipped":0,"pct":0}}
,"/Users/nls.pglenn/github/Codesmith/Prism/server/routers/userRouter.ts": {"lines":{"total":19,"covered":9,"skipped":0,"pct":47.36},"functions":{"total":10,"covered":2,"skipped":0,"pct":20},"statements":{"total":19,"covered":9,"skipped":0,"pct":47.36},"branches":{"total":0,"covered":0,"skipped":0,"pct":100}}
,"/Users/nls.pglenn/github/Codesmith/Prism/types/index.d.ts": {"lines":{"total":0,"covered":0,"skipped":0,"pct":100},"functions":{"total":0,"covered":0,"skipped":0,"pct":100},"statements":{"total":0,"covered":0,"skipped":0,"pct":100},"branches":{"total":0,"covered":0,"skipped":0,"pct":100}}
,"/Users/nls.pglenn/github/Codesmith/Prism/types/types.ts": {"lines":{"total":0,"covered":0,"skipped":0,"pct":100},"functions":{"total":0,"covered":0,"skipped":0,"pct":100},"statements":{"total":0,"covered":0,"skipped":0,"pct":100},"branches":{"total":0,"covered":0,"skipped":0,"pct":100}}
}
