{"/Users/nls.pglenn/github/Codesmith/Prism/client/index.tsx": {"path":"/Users/nls.pglenn/github/Codesmith/Prism/client/index.tsx","statementMap":{"0":{"start":{"line":17,"column":20},"end":{"line":17,"column":51}},"1":{"start":{"line":18,"column":13},"end":{"line":18,"column":36}},"2":{"start":{"line":20,"column":0},"end":{"line":26,"column":2}}},"fnMap":{},"branchMap":{},"s":{"0":0,"1":0,"2":0},"f":{},"b":{}}
,"/Users/nls.pglenn/github/Codesmith/Prism/client/components/App.tsx": {"path":"/Users/nls.pglenn/github/Codesmith/Prism/client/components/App.tsx","statementMap":{"0":{"start":{"line":12,"column":23},"end":{"line":47,"column":1}},"1":{"start":{"line":13,"column":26},"end":{"line":13,"column":38}},"2":{"start":{"line":15,"column":2},"end":{"line":46,"column":4}}},"fnMap":{"0":{"name":"(anonymous_0)","decl":{"start":{"line":12,"column":23},"end":{"line":12,"column":24}},"loc":{"start":{"line":12,"column":29},"end":{"line":47,"column":1}},"line":12}},"branchMap":{},"s":{"0":0,"1":0,"2":0},"f":{"0":0},"b":{}}
,"/Users/nls.pglenn/github/Codesmith/Prism/client/components/Login.tsx": {"path":"/Users/nls.pglenn/github/Codesmith/Prism/client/components/Login.tsx","statementMap":{"0":{"start":{"line":7,"column":19},"end":{"line":7,"column":32}},"1":{"start":{"line":8,"column":19},"end":{"line":8,"column":56}},"2":{"start":{"line":9,"column":19},"end":{"line":9,"column":56}},"3":{"start":{"line":11,"column":17},"end":{"line":19,"column":3}},"4":{"start":{"line":12,"column":4},"end":{"line":18,"column":6}},"5":{"start":{"line":14,"column":45},"end":{"line":14,"column":67}},"6":{"start":{"line":21,"column":23},"end":{"line":40,"column":3}},"7":{"start":{"line":22,"column":4},"end":{"line":22,"column":27}},"8":{"start":{"line":23,"column":16},"end":{"line":33,"column":6}},"9":{"start":{"line":35,"column":4},"end":{"line":39,"column":5}},"10":{"start":{"line":42,"column":2},"end":{"line":76,"column":4}},"11":{"start":{"line":51,"column":30},"end":{"line":51,"column":57}},"12":{"start":{"line":60,"column":30},"end":{"line":60,"column":57}}},"fnMap":{"0":{"name":"Login","decl":{"start":{"line":6,"column":24},"end":{"line":6,"column":29}},"loc":{"start":{"line":6,"column":54},"end":{"line":77,"column":1}},"line":6},"1":{"name":"(anonymous_1)","decl":{"start":{"line":11,"column":17},"end":{"line":11,"column":18}},"loc":{"start":{"line":11,"column":23},"end":{"line":19,"column":3}},"line":11},"2":{"name":"(anonymous_2)","decl":{"start":{"line":14,"column":39},"end":{"line":14,"column":40}},"loc":{"start":{"line":14,"column":45},"end":{"line":14,"column":67}},"line":14},"3":{"name":"(anonymous_3)","decl":{"start":{"line":21,"column":23},"end":{"line":21,"column":24}},"loc":{"start":{"line":21,"column":56},"end":{"line":40,"column":3}},"line":21},"4":{"name":"(anonymous_4)","decl":{"start":{"line":51,"column":22},"end":{"line":51,"column":23}},"loc":{"start":{"line":51,"column":30},"end":{"line":51,"column":57}},"line":51},"5":{"name":"(anonymous_5)","decl":{"start":{"line":60,"column":22},"end":{"line":60,"column":23}},"loc":{"start":{"line":60,"column":30},"end":{"line":60,"column":57}},"line":60}},"branchMap":{"0":{"loc":{"start":{"line":35,"column":4},"end":{"line":39,"column":5}},"type":"if","locations":[{"start":{"line":35,"column":4},"end":{"line":39,"column":5}},{"start":{},"end":{}}],"line":35}},"s":{"0":2,"1":2,"2":2,"3":2,"4":2,"5":0,"6":2,"7":0,"8":0,"9":0,"10":2,"11":0,"12":0},"f":{"0":2,"1":2,"2":0,"3":0,"4":0,"5":0},"b":{"0":[0,0]},"_coverageSchema":"1a1c01bbd47fc00a2c39e90264f33305004495a9","hash":"ef03f3dcad31b54be09b39ebee0ff3f1156f289f"}
,"/Users/nls.pglenn/github/Codesmith/Prism/client/components/Signup.tsx": {"path":"/Users/nls.pglenn/github/Codesmith/Prism/client/components/Signup.tsx","statementMap":{"0":{"start":{"line":7,"column":19},"end":{"line":7,"column":32}},"1":{"start":{"line":8,"column":19},"end":{"line":8,"column":56}},"2":{"start":{"line":9,"column":19},"end":{"line":9,"column":56}},"3":{"start":{"line":11,"column":23},"end":{"line":30,"column":3}},"4":{"start":{"line":12,"column":4},"end":{"line":12,"column":23}},"5":{"start":{"line":14,"column":16},"end":{"line":24,"column":6}},"6":{"start":{"line":25,"column":4},"end":{"line":29,"column":5}},"7":{"start":{"line":32,"column":2},"end":{"line":62,"column":4}},"8":{"start":{"line":41,"column":30},"end":{"line":41,"column":57}},"9":{"start":{"line":50,"column":30},"end":{"line":50,"column":57}},"10":{"start":{"line":56,"column":47},"end":{"line":56,"column":60}}},"fnMap":{"0":{"name":"Signup","decl":{"start":{"line":6,"column":24},"end":{"line":6,"column":30}},"loc":{"start":{"line":6,"column":54},"end":{"line":63,"column":1}},"line":6},"1":{"name":"(anonymous_1)","decl":{"start":{"line":11,"column":23},"end":{"line":11,"column":24}},"loc":{"start":{"line":11,"column":58},"end":{"line":30,"column":3}},"line":11},"2":{"name":"(anonymous_2)","decl":{"start":{"line":41,"column":22},"end":{"line":41,"column":23}},"loc":{"start":{"line":41,"column":30},"end":{"line":41,"column":57}},"line":41},"3":{"name":"(anonymous_3)","decl":{"start":{"line":50,"column":22},"end":{"line":50,"column":23}},"loc":{"start":{"line":50,"column":30},"end":{"line":50,"column":57}},"line":50},"4":{"name":"(anonymous_4)","decl":{"start":{"line":56,"column":41},"end":{"line":56,"column":42}},"loc":{"start":{"line":56,"column":47},"end":{"line":56,"column":60}},"line":56}},"branchMap":{"0":{"loc":{"start":{"line":25,"column":4},"end":{"line":29,"column":5}},"type":"if","locations":[{"start":{"line":25,"column":4},"end":{"line":29,"column":5}},{"start":{},"end":{}}],"line":25}},"s":{"0":0,"1":0,"2":0,"3":0,"4":0,"5":0,"6":0,"7":0,"8":0,"9":0,"10":0},"f":{"0":0,"1":0,"2":0,"3":0,"4":0},"b":{"0":[0,0]}}
,"/Users/nls.pglenn/github/Codesmith/Prism/client/components/ClusterView/Dashboard.tsx": {"path":"/Users/nls.pglenn/github/Codesmith/Prism/client/components/ClusterView/Dashboard.tsx","statementMap":{"0":{"start":{"line":21,"column":42},"end":{"line":21,"column":65}},"1":{"start":{"line":22,"column":34},"end":{"line":22,"column":58}},"2":{"start":{"line":23,"column":34},"end":{"line":23,"column":58}},"3":{"start":{"line":24,"column":46},"end":{"line":24,"column":70}},"4":{"start":{"line":26,"column":33},"end":{"line":28,"column":4}},"5":{"start":{"line":30,"column":17},"end":{"line":39,"column":3}},"6":{"start":{"line":31,"column":19},"end":{"line":36,"column":42}},"7":{"start":{"line":36,"column":26},"end":{"line":36,"column":41}},"8":{"start":{"line":38,"column":4},"end":{"line":38,"column":27}},"9":{"start":{"line":41,"column":2},"end":{"line":63,"column":9}},"10":{"start":{"line":42,"column":4},"end":{"line":62,"column":70}},"11":{"start":{"line":44,"column":57},"end":{"line":44,"column":59}},"12":{"start":{"line":45,"column":29},"end":{"line":45,"column":54}},"13":{"start":{"line":47,"column":8},"end":{"line":58,"column":9}},"14":{"start":{"line":49,"column":10},"end":{"line":57,"column":12}},"15":{"start":{"line":50,"column":12},"end":{"line":56,"column":13}},"16":{"start":{"line":60,"column":8},"end":{"line":60,"column":33}},"17":{"start":{"line":62,"column":22},"end":{"line":62,"column":68}},"18":{"start":{"line":65,"column":2},"end":{"line":89,"column":4}}},"fnMap":{"0":{"name":"Dashboard","decl":{"start":{"line":20,"column":24},"end":{"line":20,"column":33}},"loc":{"start":{"line":20,"column":36},"end":{"line":90,"column":1}},"line":20},"1":{"name":"(anonymous_1)","decl":{"start":{"line":30,"column":17},"end":{"line":30,"column":18}},"loc":{"start":{"line":30,"column":46},"end":{"line":39,"column":3}},"line":30},"2":{"name":"(anonymous_2)","decl":{"start":{"line":36,"column":12},"end":{"line":36,"column":13}},"loc":{"start":{"line":36,"column":26},"end":{"line":36,"column":41}},"line":36},"3":{"name":"(anonymous_3)","decl":{"start":{"line":41,"column":18},"end":{"line":41,"column":19}},"loc":{"start":{"line":41,"column":24},"end":{"line":63,"column":3}},"line":41},"4":{"name":"(anonymous_4)","decl":{"start":{"line":43,"column":12},"end":{"line":43,"column":13}},"loc":{"start":{"line":43,"column":27},"end":{"line":61,"column":7}},"line":43},"5":{"name":"(anonymous_5)","decl":{"start":{"line":49,"column":31},"end":{"line":49,"column":32}},"loc":{"start":{"line":50,"column":12},"end":{"line":56,"column":13}},"line":50},"6":{"name":"(anonymous_6)","decl":{"start":{"line":62,"column":13},"end":{"line":62,"column":14}},"loc":{"start":{"line":62,"column":22},"end":{"line":62,"column":68}},"line":62}},"branchMap":{"0":{"loc":{"start":{"line":47,"column":8},"end":{"line":58,"column":9}},"type":"if","locations":[{"start":{"line":47,"column":8},"end":{"line":58,"column":9}},{"start":{},"end":{}}],"line":47},"1":{"loc":{"start":{"line":83,"column":9},"end":{"line":83,"column":59}},"type":"cond-expr","locations":[{"start":{"line":83,"column":24},"end":{"line":83,"column":52}},{"start":{"line":83,"column":55},"end":{"line":83,"column":59}}],"line":83},"2":{"loc":{"start":{"line":84,"column":9},"end":{"line":84,"column":40}},"type":"cond-expr","locations":[{"start":{"line":84,"column":20},"end":{"line":84,"column":33}},{"start":{"line":84,"column":36},"end":{"line":84,"column":40}}],"line":84},"3":{"loc":{"start":{"line":85,"column":9},"end":{"line":85,"column":39}},"type":"cond-expr","locations":[{"start":{"line":85,"column":20},"end":{"line":85,"column":32}},{"start":{"line":85,"column":35},"end":{"line":85,"column":39}}],"line":85},"4":{"loc":{"start":{"line":86,"column":9},"end":{"line":86,"column":47}},"type":"cond-expr","locations":[{"start":{"line":86,"column":26},"end":{"line":86,"column":40}},{"start":{"line":86,"column":43},"end":{"line":86,"column":47}}],"line":86}},"s":{"0":0,"1":0,"2":0,"3":0,"4":0,"5":0,"6":0,"7":0,"8":0,"9":0,"10":0,"11":0,"12":0,"13":0,"14":0,"15":0,"16":0,"17":0,"18":0},"f":{"0":0,"1":0,"2":0,"3":0,"4":0,"5":0,"6":0},"b":{"0":[0,0],"1":[0,0],"2":[0,0],"3":[0,0],"4":[0,0]}}
,"/Users/nls.pglenn/github/Codesmith/Prism/client/components/ClusterView/ClusterViewHeader/ClusterViewHeader.tsx": {"path":"/Users/nls.pglenn/github/Codesmith/Prism/client/components/ClusterView/ClusterViewHeader/ClusterViewHeader.tsx","statementMap":{"0":{"start":{"line":9,"column":37},"end":{"line":34,"column":1}},"1":{"start":{"line":10,"column":2},"end":{"line":33,"column":4}}},"fnMap":{"0":{"name":"(anonymous_0)","decl":{"start":{"line":9,"column":37},"end":{"line":9,"column":38}},"loc":{"start":{"line":9,"column":43},"end":{"line":34,"column":1}},"line":9}},"branchMap":{},"s":{"0":0,"1":0},"f":{"0":0},"b":{}}
,"/Users/nls.pglenn/github/Codesmith/Prism/client/components/ClusterView/ClusterViewHeader/LighDarkMode.tsx": {"path":"/Users/nls.pglenn/github/Codesmith/Prism/client/components/ClusterView/ClusterViewHeader/LighDarkMode.tsx","statementMap":{"0":{"start":{"line":7,"column":33},"end":{"line":36,"column":1}},"1":{"start":{"line":8,"column":30},"end":{"line":8,"column":54}},"2":{"start":{"line":9,"column":2},"end":{"line":35,"column":4}},"3":{"start":{"line":16,"column":27},"end":{"line":16,"column":72}},"4":{"start":{"line":27,"column":27},"end":{"line":27,"column":72}}},"fnMap":{"0":{"name":"(anonymous_0)","decl":{"start":{"line":7,"column":33},"end":{"line":7,"column":34}},"loc":{"start":{"line":7,"column":39},"end":{"line":36,"column":1}},"line":7},"1":{"name":"(anonymous_1)","decl":{"start":{"line":16,"column":21},"end":{"line":16,"column":22}},"loc":{"start":{"line":16,"column":27},"end":{"line":16,"column":72}},"line":16},"2":{"name":"(anonymous_2)","decl":{"start":{"line":27,"column":21},"end":{"line":27,"column":22}},"loc":{"start":{"line":27,"column":27},"end":{"line":27,"column":72}},"line":27}},"branchMap":{"0":{"loc":{"start":{"line":11,"column":7},"end":{"line":33,"column":7}},"type":"cond-expr","locations":[{"start":{"line":13,"column":8},"end":{"line":21,"column":14}},{"start":{"line":24,"column":8},"end":{"line":32,"column":14}}],"line":11},"1":{"loc":{"start":{"line":16,"column":36},"end":{"line":16,"column":71}},"type":"cond-expr","locations":[{"start":{"line":16,"column":55},"end":{"line":16,"column":62}},{"start":{"line":16,"column":65},"end":{"line":16,"column":71}}],"line":16},"2":{"loc":{"start":{"line":27,"column":36},"end":{"line":27,"column":71}},"type":"cond-expr","locations":[{"start":{"line":27,"column":55},"end":{"line":27,"column":62}},{"start":{"line":27,"column":65},"end":{"line":27,"column":71}}],"line":27}},"s":{"0":0,"1":0,"2":0,"3":0,"4":0},"f":{"0":0,"1":0,"2":0},"b":{"0":[0,0],"1":[0,0],"2":[0,0]}}
,"/Users/nls.pglenn/github/Codesmith/Prism/client/components/ClusterView/ClusterViewHeader/Profile.tsx": {"path":"/Users/nls.pglenn/github/Codesmith/Prism/client/components/ClusterView/ClusterViewHeader/Profile.tsx","statementMap":{"0":{"start":{"line":7,"column":27},"end":{"line":14,"column":1}},"1":{"start":{"line":8,"column":2},"end":{"line":13,"column":4}}},"fnMap":{"0":{"name":"(anonymous_0)","decl":{"start":{"line":7,"column":27},"end":{"line":7,"column":28}},"loc":{"start":{"line":7,"column":33},"end":{"line":14,"column":1}},"line":7}},"branchMap":{},"s":{"0":0,"1":0},"f":{"0":0},"b":{}}
,"/Users/nls.pglenn/github/Codesmith/Prism/client/components/ClusterView/ClusterViewHeader/themeContext.tsx": {"path":"/Users/nls.pglenn/github/Codesmith/Prism/client/components/ClusterView/ClusterViewHeader/themeContext.tsx","statementMap":{"0":{"start":{"line":4,"column":31},"end":{"line":15,"column":1}},"1":{"start":{"line":5,"column":2},"end":{"line":13,"column":3}},"2":{"start":{"line":6,"column":24},"end":{"line":6,"column":68}},"3":{"start":{"line":7,"column":4},"end":{"line":9,"column":5}},"4":{"start":{"line":8,"column":6},"end":{"line":8,"column":25}},"5":{"start":{"line":10,"column":4},"end":{"line":12,"column":5}},"6":{"start":{"line":11,"column":6},"end":{"line":11,"column":20}},"7":{"start":{"line":14,"column":2},"end":{"line":14,"column":17}},"8":{"start":{"line":17,"column":28},"end":{"line":17,"column":53}},"9":{"start":{"line":19,"column":29},"end":{"line":45,"column":1}},"10":{"start":{"line":20,"column":28},"end":{"line":20,"column":67}},"11":{"start":{"line":22,"column":21},"end":{"line":30,"column":3}},"12":{"start":{"line":23,"column":17},"end":{"line":23,"column":48}},"13":{"start":{"line":24,"column":19},"end":{"line":24,"column":38}},"14":{"start":{"line":26,"column":4},"end":{"line":26,"column":53}},"15":{"start":{"line":27,"column":4},"end":{"line":27,"column":33}},"16":{"start":{"line":29,"column":4},"end":{"line":29,"column":52}},"17":{"start":{"line":32,"column":2},"end":{"line":34,"column":3}},"18":{"start":{"line":33,"column":4},"end":{"line":33,"column":29}},"19":{"start":{"line":36,"column":2},"end":{"line":38,"column":14}},"20":{"start":{"line":37,"column":4},"end":{"line":37,"column":22}},"21":{"start":{"line":40,"column":2},"end":{"line":44,"column":4}}},"fnMap":{"0":{"name":"(anonymous_0)","decl":{"start":{"line":4,"column":31},"end":{"line":4,"column":32}},"loc":{"start":{"line":4,"column":45},"end":{"line":15,"column":1}},"line":4},"1":{"name":"(anonymous_1)","decl":{"start":{"line":19,"column":29},"end":{"line":19,"column":30}},"loc":{"start":{"line":19,"column":73},"end":{"line":45,"column":1}},"line":19},"2":{"name":"(anonymous_2)","decl":{"start":{"line":22,"column":21},"end":{"line":22,"column":22}},"loc":{"start":{"line":22,"column":49},"end":{"line":30,"column":3}},"line":22},"3":{"name":"(anonymous_3)","decl":{"start":{"line":36,"column":18},"end":{"line":36,"column":19}},"loc":{"start":{"line":36,"column":24},"end":{"line":38,"column":3}},"line":36}},"branchMap":{"0":{"loc":{"start":{"line":5,"column":2},"end":{"line":13,"column":3}},"type":"if","locations":[{"start":{"line":5,"column":2},"end":{"line":13,"column":3}},{"start":{},"end":{}}],"line":5},"1":{"loc":{"start":{"line":5,"column":6},"end":{"line":5,"column":58}},"type":"binary-expr","locations":[{"start":{"line":5,"column":6},"end":{"line":5,"column":35}},{"start":{"line":5,"column":39},"end":{"line":5,"column":58}}],"line":5},"2":{"loc":{"start":{"line":7,"column":4},"end":{"line":9,"column":5}},"type":"if","locations":[{"start":{"line":7,"column":4},"end":{"line":9,"column":5}},{"start":{},"end":{}}],"line":7},"3":{"loc":{"start":{"line":10,"column":4},"end":{"line":12,"column":5}},"type":"if","locations":[{"start":{"line":10,"column":4},"end":{"line":12,"column":5}},{"start":{},"end":{}}],"line":10},"4":{"loc":{"start":{"line":26,"column":26},"end":{"line":26,"column":51}},"type":"cond-expr","locations":[{"start":{"line":26,"column":35},"end":{"line":26,"column":42}},{"start":{"line":26,"column":45},"end":{"line":26,"column":51}}],"line":26},"5":{"loc":{"start":{"line":32,"column":2},"end":{"line":34,"column":3}},"type":"if","locations":[{"start":{"line":32,"column":2},"end":{"line":34,"column":3}},{"start":{},"end":{}}],"line":32}},"s":{"0":0,"1":0,"2":0,"3":0,"4":0,"5":0,"6":0,"7":0,"8":0,"9":0,"10":0,"11":0,"12":0,"13":0,"14":0,"15":0,"16":0,"17":0,"18":0,"19":0,"20":0,"21":0},"f":{"0":0,"1":0,"2":0,"3":0},"b":{"0":[0,0],"1":[0,0],"2":[0,0],"3":[0,0],"4":[0,0],"5":[0,0]}}
,"/Users/nls.pglenn/github/Codesmith/Prism/client/components/ClusterView/Dashboard/ClusterMap.tsx": {"path":"/Users/nls.pglenn/github/Codesmith/Prism/client/components/ClusterView/Dashboard/ClusterMap.tsx","statementMap":{"0":{"start":{"line":7,"column":30},"end":{"line":14,"column":1}},"1":{"start":{"line":8,"column":2},"end":{"line":13,"column":4}}},"fnMap":{"0":{"name":"(anonymous_0)","decl":{"start":{"line":7,"column":30},"end":{"line":7,"column":31}},"loc":{"start":{"line":7,"column":36},"end":{"line":14,"column":1}},"line":7}},"branchMap":{},"s":{"0":0,"1":0},"f":{"0":0},"b":{}}
,"/Users/nls.pglenn/github/Codesmith/Prism/client/components/ClusterView/Dashboard/NodesView.tsx": {"path":"/Users/nls.pglenn/github/Codesmith/Prism/client/components/ClusterView/Dashboard/NodesView.tsx","statementMap":{"0":{"start":{"line":7,"column":29},"end":{"line":15,"column":1}},"1":{"start":{"line":8,"column":2},"end":{"line":14,"column":4}}},"fnMap":{"0":{"name":"(anonymous_0)","decl":{"start":{"line":7,"column":29},"end":{"line":7,"column":30}},"loc":{"start":{"line":7,"column":35},"end":{"line":15,"column":1}},"line":7}},"branchMap":{},"s":{"0":0,"1":0},"f":{"0":0},"b":{}}
,"/Users/nls.pglenn/github/Codesmith/Prism/client/components/ClusterView/Dashboard/Overview.tsx": {"path":"/Users/nls.pglenn/github/Codesmith/Prism/client/components/ClusterView/Dashboard/Overview.tsx","statementMap":{"0":{"start":{"line":10,"column":35},"end":{"line":12,"column":1}},"1":{"start":{"line":11,"column":2},"end":{"line":11,"column":58}}},"fnMap":{"0":{"name":"(anonymous_0)","decl":{"start":{"line":10,"column":35},"end":{"line":10,"column":36}},"loc":{"start":{"line":10,"column":51},"end":{"line":12,"column":1}},"line":10}},"branchMap":{},"s":{"0":0,"1":0},"f":{"0":0},"b":{}}
,"/Users/nls.pglenn/github/Codesmith/Prism/client/components/ClusterView/Dashboard/PodsView.tsx": {"path":"/Users/nls.pglenn/github/Codesmith/Prism/client/components/ClusterView/Dashboard/PodsView.tsx","statementMap":{"0":{"start":{"line":7,"column":28},"end":{"line":14,"column":1}},"1":{"start":{"line":8,"column":2},"end":{"line":13,"column":4}}},"fnMap":{"0":{"name":"(anonymous_0)","decl":{"start":{"line":7,"column":28},"end":{"line":7,"column":29}},"loc":{"start":{"line":7,"column":34},"end":{"line":14,"column":1}},"line":7}},"branchMap":{},"s":{"0":0,"1":0},"f":{"0":0},"b":{}}
,"/Users/nls.pglenn/github/Codesmith/Prism/client/components/ClusterView/SidePanel/Navigation.tsx": {"path":"/Users/nls.pglenn/github/Codesmith/Prism/client/components/ClusterView/SidePanel/Navigation.tsx","statementMap":{"0":{"start":{"line":14,"column":35},"end":{"line":118,"column":1}},"1":{"start":{"line":20,"column":2},"end":{"line":117,"column":4}},"2":{"start":{"line":32,"column":10},"end":{"line":32,"column":32}},"3":{"start":{"line":33,"column":10},"end":{"line":33,"column":29}},"4":{"start":{"line":34,"column":10},"end":{"line":34,"column":29}},"5":{"start":{"line":35,"column":10},"end":{"line":35,"column":35}},"6":{"start":{"line":53,"column":10},"end":{"line":53,"column":33}},"7":{"start":{"line":54,"column":10},"end":{"line":54,"column":28}},"8":{"start":{"line":55,"column":10},"end":{"line":55,"column":29}},"9":{"start":{"line":56,"column":10},"end":{"line":56,"column":35}},"10":{"start":{"line":57,"column":10},"end":{"line":57,"column":35}},"11":{"start":{"line":79,"column":10},"end":{"line":79,"column":33}},"12":{"start":{"line":80,"column":10},"end":{"line":80,"column":29}},"13":{"start":{"line":81,"column":10},"end":{"line":81,"column":28}},"14":{"start":{"line":82,"column":10},"end":{"line":82,"column":35}},"15":{"start":{"line":83,"column":10},"end":{"line":83,"column":34}},"16":{"start":{"line":103,"column":10},"end":{"line":103,"column":33}},"17":{"start":{"line":104,"column":10},"end":{"line":104,"column":29}},"18":{"start":{"line":105,"column":10},"end":{"line":105,"column":29}},"19":{"start":{"line":106,"column":10},"end":{"line":106,"column":34}},"20":{"start":{"line":107,"column":10},"end":{"line":107,"column":41}}},"fnMap":{"0":{"name":"(anonymous_0)","decl":{"start":{"line":14,"column":35},"end":{"line":14,"column":36}},"loc":{"start":{"line":19,"column":6},"end":{"line":118,"column":1}},"line":19},"1":{"name":"(anonymous_1)","decl":{"start":{"line":31,"column":17},"end":{"line":31,"column":18}},"loc":{"start":{"line":31,"column":23},"end":{"line":36,"column":9}},"line":31},"2":{"name":"(anonymous_2)","decl":{"start":{"line":52,"column":17},"end":{"line":52,"column":18}},"loc":{"start":{"line":52,"column":23},"end":{"line":58,"column":9}},"line":52},"3":{"name":"(anonymous_3)","decl":{"start":{"line":78,"column":17},"end":{"line":78,"column":18}},"loc":{"start":{"line":78,"column":23},"end":{"line":84,"column":9}},"line":78},"4":{"name":"(anonymous_4)","decl":{"start":{"line":102,"column":17},"end":{"line":102,"column":18}},"loc":{"start":{"line":102,"column":23},"end":{"line":108,"column":9}},"line":102}},"branchMap":{},"s":{"0":0,"1":0,"2":0,"3":0,"4":0,"5":0,"6":0,"7":0,"8":0,"9":0,"10":0,"11":0,"12":0,"13":0,"14":0,"15":0,"16":0,"17":0,"18":0,"19":0,"20":0},"f":{"0":0,"1":0,"2":0,"3":0,"4":0},"b":{}}
,"/Users/nls.pglenn/github/Codesmith/Prism/client/components/ClusterView/SidePanel/SidePanel.tsx": {"path":"/Users/nls.pglenn/github/Codesmith/Prism/client/components/ClusterView/SidePanel/SidePanel.tsx","statementMap":{"0":{"start":{"line":13,"column":33},"end":{"line":44,"column":1}},"1":{"start":{"line":19,"column":2},"end":{"line":43,"column":4}}},"fnMap":{"0":{"name":"(anonymous_0)","decl":{"start":{"line":13,"column":33},"end":{"line":13,"column":34}},"loc":{"start":{"line":18,"column":6},"end":{"line":44,"column":1}},"line":18}},"branchMap":{},"s":{"0":0,"1":0},"f":{"0":0},"b":{}}
,"/Users/nls.pglenn/github/Codesmith/Prism/client/components/LandingPage/LandingPage.tsx": {"path":"/Users/nls.pglenn/github/Codesmith/Prism/client/components/LandingPage/LandingPage.tsx","statementMap":{"0":{"start":{"line":5,"column":2},"end":{"line":12,"column":3}}},"fnMap":{"0":{"name":"LandingPage","decl":{"start":{"line":4,"column":24},"end":{"line":4,"column":35}},"loc":{"start":{"line":4,"column":38},"end":{"line":13,"column":1}},"line":4}},"branchMap":{},"s":{"0":0},"f":{"0":0},"b":{}}
,"/Users/nls.pglenn/github/Codesmith/Prism/server/server.ts": {"path":"/Users/nls.pglenn/github/Codesmith/Prism/server/server.ts","statementMap":{"0":{"start":{"line":17,"column":12},"end":{"line":17,"column":21}},"1":{"start":{"line":19,"column":13},"end":{"line":19,"column":17}},"2":{"start":{"line":20,"column":0},"end":{"line":20,"column":12}},"3":{"start":{"line":23,"column":0},"end":{"line":23,"column":16}},"4":{"start":{"line":24,"column":0},"end":{"line":24,"column":16}},"5":{"start":{"line":25,"column":0},"end":{"line":25,"column":24}},"6":{"start":{"line":29,"column":0},"end":{"line":29,"column":27}},"7":{"start":{"line":30,"column":0},"end":{"line":30,"column":29}},"8":{"start":{"line":32,"column":0},"end":{"line":34,"column":3}},"9":{"start":{"line":33,"column":2},"end":{"line":33,"column":71}},"10":{"start":{"line":37,"column":0},"end":{"line":39,"column":3}},"11":{"start":{"line":38,"column":2},"end":{"line":38,"column":49}},"12":{"start":{"line":42,"column":0},"end":{"line":53,"column":2}},"13":{"start":{"line":44,"column":40},"end":{"line":48,"column":5}},"14":{"start":{"line":49,"column":21},"end":{"line":49,"column":55}},"15":{"start":{"line":50,"column":4},"end":{"line":50,"column":30}},"16":{"start":{"line":51,"column":4},"end":{"line":51,"column":62}},"17":{"start":{"line":55,"column":0},"end":{"line":57,"column":3}},"18":{"start":{"line":56,"column":2},"end":{"line":56,"column":47}}},"fnMap":{"0":{"name":"(anonymous_0)","decl":{"start":{"line":32,"column":13},"end":{"line":32,"column":14}},"loc":{"start":{"line":32,"column":27},"end":{"line":34,"column":1}},"line":32},"1":{"name":"(anonymous_1)","decl":{"start":{"line":37,"column":13},"end":{"line":37,"column":14}},"loc":{"start":{"line":37,"column":27},"end":{"line":39,"column":1}},"line":37},"2":{"name":"(anonymous_2)","decl":{"start":{"line":43,"column":2},"end":{"line":43,"column":3}},"loc":{"start":{"line":43,"column":77},"end":{"line":52,"column":3}},"line":43},"3":{"name":"(anonymous_3)","decl":{"start":{"line":55,"column":17},"end":{"line":55,"column":18}},"loc":{"start":{"line":55,"column":23},"end":{"line":57,"column":1}},"line":55}},"branchMap":{},"s":{"0":0,"1":0,"2":0,"3":0,"4":0,"5":0,"6":0,"7":0,"8":0,"9":0,"10":0,"11":0,"12":0,"13":0,"14":0,"15":0,"16":0,"17":0,"18":0},"f":{"0":0,"1":0,"2":0,"3":0},"b":{}}
,"/Users/nls.pglenn/github/Codesmith/Prism/server/controllers/metricsController.ts": {"path":"/Users/nls.pglenn/github/Codesmith/Prism/server/controllers/metricsController.ts","statementMap":{"0":{"start":{"line":13,"column":19},"end":{"line":20,"column":1}},"1":{"start":{"line":15,"column":2},"end":{"line":19,"column":4}},"2":{"start":{"line":22,"column":38},"end":{"line":119,"column":1}},"3":{"start":{"line":28,"column":36},"end":{"line":28,"column":48}},"4":{"start":{"line":29,"column":39},"end":{"line":29,"column":52}},"5":{"start":{"line":32,"column":4},"end":{"line":38,"column":5}},"6":{"start":{"line":33,"column":37},"end":{"line":36,"column":7}},"7":{"start":{"line":37,"column":6},"end":{"line":37,"column":25}},"8":{"start":{"line":40,"column":34},"end":{"line":46,"column":5}},"9":{"start":{"line":48,"column":36},"end":{"line":51,"column":5}},"10":{"start":{"line":55,"column":39},"end":{"line":55,"column":70}},"11":{"start":{"line":57,"column":4},"end":{"line":79,"column":8}},"12":{"start":{"line":66,"column":26},"end":{"line":66,"column":41}},"13":{"start":{"line":68,"column":8},"end":{"line":68,"column":70}},"14":{"start":{"line":68,"column":23},"end":{"line":68,"column":70}},"15":{"start":{"line":69,"column":8},"end":{"line":69,"column":43}},"16":{"start":{"line":71,"column":8},"end":{"line":71,"column":22}},"17":{"start":{"line":74,"column":8},"end":{"line":78,"column":10}},"18":{"start":{"line":84,"column":4},"end":{"line":87,"column":5}},"19":{"start":{"line":86,"column":6},"end":{"line":86,"column":77}},"20":{"start":{"line":89,"column":4},"end":{"line":89,"column":18}},"21":{"start":{"line":93,"column":4},"end":{"line":93,"column":67}},"22":{"start":{"line":93,"column":25},"end":{"line":93,"column":67}},"23":{"start":{"line":95,"column":4},"end":{"line":97,"column":14}},"24":{"start":{"line":99,"column":4},"end":{"line":99,"column":18}},"25":{"start":{"line":107,"column":33},"end":{"line":107,"column":56}},"26":{"start":{"line":110,"column":4},"end":{"line":115,"column":6}},"27":{"start":{"line":117,"column":4},"end":{"line":117,"column":18}}},"fnMap":{"0":{"name":"(anonymous_0)","decl":{"start":{"line":13,"column":19},"end":{"line":13,"column":20}},"loc":{"start":{"line":13,"column":39},"end":{"line":20,"column":1}},"line":13},"1":{"name":"(anonymous_1)","decl":{"start":{"line":26,"column":19},"end":{"line":26,"column":20}},"loc":{"start":{"line":26,"column":39},"end":{"line":80,"column":3}},"line":26},"2":{"name":"(anonymous_2)","decl":{"start":{"line":66,"column":12},"end":{"line":66,"column":13}},"loc":{"start":{"line":66,"column":26},"end":{"line":66,"column":41}},"line":66},"3":{"name":"(anonymous_3)","decl":{"start":{"line":67,"column":12},"end":{"line":67,"column":13}},"loc":{"start":{"line":67,"column":22},"end":{"line":72,"column":7}},"line":67},"4":{"name":"(anonymous_4)","decl":{"start":{"line":73,"column":13},"end":{"line":73,"column":14}},"loc":{"start":{"line":74,"column":8},"end":{"line":78,"column":10}},"line":74},"5":{"name":"(anonymous_5)","decl":{"start":{"line":82,"column":21},"end":{"line":82,"column":22}},"loc":{"start":{"line":82,"column":41},"end":{"line":90,"column":3}},"line":82},"6":{"name":"(anonymous_6)","decl":{"start":{"line":92,"column":20},"end":{"line":92,"column":21}},"loc":{"start":{"line":92,"column":40},"end":{"line":100,"column":3}},"line":92},"7":{"name":"(anonymous_7)","decl":{"start":{"line":103,"column":25},"end":{"line":103,"column":26}},"loc":{"start":{"line":103,"column":45},"end":{"line":118,"column":3}},"line":103}},"branchMap":{"0":{"loc":{"start":{"line":32,"column":4},"end":{"line":38,"column":5}},"type":"if","locations":[{"start":{"line":32,"column":4},"end":{"line":38,"column":5}},{"start":{},"end":{}}],"line":32},"1":{"loc":{"start":{"line":68,"column":8},"end":{"line":68,"column":70}},"type":"if","locations":[{"start":{"line":68,"column":8},"end":{"line":68,"column":70}},{"start":{},"end":{}}],"line":68},"2":{"loc":{"start":{"line":84,"column":4},"end":{"line":87,"column":5}},"type":"if","locations":[{"start":{"line":84,"column":4},"end":{"line":87,"column":5}},{"start":{},"end":{}}],"line":84},"3":{"loc":{"start":{"line":93,"column":4},"end":{"line":93,"column":67}},"type":"if","locations":[{"start":{"line":93,"column":4},"end":{"line":93,"column":67}},{"start":{},"end":{}}],"line":93},"4":{"loc":{"start":{"line":95,"column":26},"end":{"line":97,"column":13}},"type":"cond-expr","locations":[{"start":{"line":96,"column":8},"end":{"line":96,"column":42}},{"start":{"line":97,"column":8},"end":{"line":97,"column":13}}],"line":95}},"s":{"0":0,"1":0,"2":0,"3":0,"4":0,"5":0,"6":0,"7":0,"8":0,"9":0,"10":0,"11":0,"12":0,"13":0,"14":0,"15":0,"16":0,"17":0,"18":0,"19":0,"20":0,"21":0,"22":0,"23":0,"24":0,"25":0,"26":0,"27":0},"f":{"0":0,"1":0,"2":0,"3":0,"4":0,"5":0,"6":0,"7":0},"b":{"0":[0,0],"1":[0,0],"2":[0,0],"3":[0,0],"4":[0,0]}}
,"/Users/nls.pglenn/github/Codesmith/Prism/server/controllers/userController.ts": {"path":"/Users/nls.pglenn/github/Codesmith/Prism/server/controllers/userController.ts","statementMap":{"0":{"start":{"line":11,"column":35},"end":{"line":11,"column":37}},"1":{"start":{"line":14,"column":0},"end":{"line":34,"column":2}},"2":{"start":{"line":16,"column":33},"end":{"line":16,"column":41}},"3":{"start":{"line":17,"column":60},"end":{"line":19,"column":4}},"4":{"start":{"line":22,"column":2},"end":{"line":32,"column":3}},"5":{"start":{"line":23,"column":42},"end":{"line":26,"column":6}},"6":{"start":{"line":27,"column":4},"end":{"line":27,"column":65}},"7":{"start":{"line":28,"column":4},"end":{"line":28,"column":20}},"8":{"start":{"line":30,"column":4},"end":{"line":30,"column":20}},"9":{"start":{"line":31,"column":4},"end":{"line":31,"column":41}},"10":{"start":{"line":33,"column":2},"end":{"line":33,"column":16}},"11":{"start":{"line":37,"column":0},"end":{"line":50,"column":2}},"12":{"start":{"line":39,"column":2},"end":{"line":39,"column":42}},"13":{"start":{"line":39,"column":28},"end":{"line":39,"column":42}},"14":{"start":{"line":41,"column":33},"end":{"line":41,"column":41}},"15":{"start":{"line":42,"column":40},"end":{"line":42,"column":72}},"16":{"start":{"line":44,"column":2},"end":{"line":47,"column":4}},"17":{"start":{"line":49,"column":2},"end":{"line":49,"column":16}},"18":{"start":{"line":54,"column":0},"end":{"line":72,"column":2}},"19":{"start":{"line":56,"column":2},"end":{"line":70,"column":3}},"20":{"start":{"line":57,"column":4},"end":{"line":63,"column":6}},"21":{"start":{"line":65,"column":4},"end":{"line":69,"column":7}},"22":{"start":{"line":71,"column":2},"end":{"line":71,"column":16}},"23":{"start":{"line":75,"column":0},"end":{"line":107,"column":2}},"24":{"start":{"line":77,"column":2},"end":{"line":80,"column":3}},"25":{"start":{"line":78,"column":4},"end":{"line":78,"column":64}},"26":{"start":{"line":79,"column":4},"end":{"line":79,"column":18}},"27":{"start":{"line":84,"column":2},"end":{"line":106,"column":3}},"28":{"start":{"line":85,"column":46},"end":{"line":88,"column":19}},"29":{"start":{"line":89,"column":4},"end":{"line":93,"column":5}},"30":{"start":{"line":90,"column":6},"end":{"line":90,"column":72}},"31":{"start":{"line":92,"column":6},"end":{"line":92,"column":65}},"32":{"start":{"line":95,"column":4},"end":{"line":103,"column":5}},"33":{"start":{"line":96,"column":6},"end":{"line":96,"column":65}},"34":{"start":{"line":98,"column":6},"end":{"line":102,"column":9}},"35":{"start":{"line":105,"column":4},"end":{"line":105,"column":18}},"36":{"start":{"line":110,"column":0},"end":{"line":129,"column":2}},"37":{"start":{"line":111,"column":23},"end":{"line":111,"column":31}},"38":{"start":{"line":115,"column":4},"end":{"line":115,"column":65}},"39":{"start":{"line":116,"column":2},"end":{"line":123,"column":3}},"40":{"start":{"line":117,"column":4},"end":{"line":121,"column":6}},"41":{"start":{"line":122,"column":4},"end":{"line":122,"column":18}},"42":{"start":{"line":125,"column":4},"end":{"line":125,"column":69}},"43":{"start":{"line":127,"column":2},"end":{"line":127,"column":61}},"44":{"start":{"line":128,"column":2},"end":{"line":128,"column":16}}},"fnMap":{"0":{"name":"(anonymous_0)","decl":{"start":{"line":14,"column":28},"end":{"line":14,"column":29}},"loc":{"start":{"line":14,"column":60},"end":{"line":34,"column":1}},"line":14},"1":{"name":"(anonymous_1)","decl":{"start":{"line":37,"column":26},"end":{"line":37,"column":27}},"loc":{"start":{"line":37,"column":58},"end":{"line":50,"column":1}},"line":37},"2":{"name":"(anonymous_2)","decl":{"start":{"line":54,"column":26},"end":{"line":54,"column":27}},"loc":{"start":{"line":54,"column":52},"end":{"line":72,"column":1}},"line":54},"3":{"name":"(anonymous_3)","decl":{"start":{"line":75,"column":29},"end":{"line":75,"column":30}},"loc":{"start":{"line":75,"column":49},"end":{"line":107,"column":1}},"line":75},"4":{"name":"(anonymous_4)","decl":{"start":{"line":110,"column":28},"end":{"line":110,"column":29}},"loc":{"start":{"line":110,"column":54},"end":{"line":129,"column":1}},"line":110}},"branchMap":{"0":{"loc":{"start":{"line":22,"column":2},"end":{"line":32,"column":3}},"type":"if","locations":[{"start":{"line":22,"column":2},"end":{"line":32,"column":3}},{"start":{"line":29,"column":9},"end":{"line":32,"column":3}}],"line":22},"1":{"loc":{"start":{"line":39,"column":2},"end":{"line":39,"column":42}},"type":"if","locations":[{"start":{"line":39,"column":2},"end":{"line":39,"column":42}},{"start":{},"end":{}}],"line":39},"2":{"loc":{"start":{"line":46,"column":10},"end":{"line":46,"column":54}},"type":"binary-expr","locations":[{"start":{"line":46,"column":10},"end":{"line":46,"column":14}},{"start":{"line":46,"column":19},"end":{"line":46,"column":53}}],"line":46},"3":{"loc":{"start":{"line":56,"column":2},"end":{"line":70,"column":3}},"type":"if","locations":[{"start":{"line":56,"column":2},"end":{"line":70,"column":3}},{"start":{},"end":{}}],"line":56},"4":{"loc":{"start":{"line":56,"column":6},"end":{"line":56,"column":53}},"type":"binary-expr","locations":[{"start":{"line":56,"column":6},"end":{"line":56,"column":26}},{"start":{"line":56,"column":30},"end":{"line":56,"column":53}}],"line":56},"5":{"loc":{"start":{"line":77,"column":2},"end":{"line":80,"column":3}},"type":"if","locations":[{"start":{"line":77,"column":2},"end":{"line":80,"column":3}},{"start":{},"end":{}}],"line":77},"6":{"loc":{"start":{"line":89,"column":4},"end":{"line":93,"column":5}},"type":"if","locations":[{"start":{"line":89,"column":4},"end":{"line":93,"column":5}},{"start":{"line":91,"column":11},"end":{"line":93,"column":5}}],"line":89},"7":{"loc":{"start":{"line":95,"column":4},"end":{"line":103,"column":5}},"type":"if","locations":[{"start":{"line":95,"column":4},"end":{"line":103,"column":5}},{"start":{"line":97,"column":11},"end":{"line":103,"column":5}}],"line":95},"8":{"loc":{"start":{"line":115,"column":4},"end":{"line":115,"column":65}},"type":"binary-expr","locations":[{"start":{"line":115,"column":4},"end":{"line":115,"column":24}},{"start":{"line":115,"column":28},"end":{"line":115,"column":65}}],"line":115},"9":{"loc":{"start":{"line":116,"column":2},"end":{"line":123,"column":3}},"type":"if","locations":[{"start":{"line":116,"column":2},"end":{"line":123,"column":3}},{"start":{},"end":{}}],"line":116}},"s":{"0":0,"1":0,"2":0,"3":0,"4":0,"5":0,"6":0,"7":0,"8":0,"9":0,"10":0,"11":0,"12":0,"13":0,"14":0,"15":0,"16":0,"17":0,"18":0,"19":0,"20":0,"21":0,"22":0,"23":0,"24":0,"25":0,"26":0,"27":0,"28":0,"29":0,"30":0,"31":0,"32":0,"33":0,"34":0,"35":0,"36":0,"37":0,"38":0,"39":0,"40":0,"41":0,"42":0,"43":0,"44":0},"f":{"0":0,"1":0,"2":0,"3":0,"4":0},"b":{"0":[0,0],"1":[0,0],"2":[0,0],"3":[0,0],"4":[0,0],"5":[0,0],"6":[0,0],"7":[0,0],"8":[0,0],"9":[0,0]}}
,"/Users/nls.pglenn/github/Codesmith/Prism/server/db/db.ts": {"path":"/Users/nls.pglenn/github/Codesmith/Prism/server/db/db.ts","statementMap":{"0":{"start":{"line":4,"column":0},"end":{"line":4,"column":16}},"1":{"start":{"line":6,"column":18},"end":{"line":13,"column":1}},"2":{"start":{"line":7,"column":2},"end":{"line":12,"column":3}},"3":{"start":{"line":8,"column":23},"end":{"line":8,"column":68}},"4":{"start":{"line":9,"column":4},"end":{"line":9,"column":74}},"5":{"start":{"line":11,"column":4},"end":{"line":11,"column":31}}},"fnMap":{"0":{"name":"(anonymous_0)","decl":{"start":{"line":6,"column":18},"end":{"line":6,"column":19}},"loc":{"start":{"line":6,"column":45},"end":{"line":13,"column":1}},"line":6}},"branchMap":{},"s":{"0":0,"1":0,"2":0,"3":0,"4":0,"5":0},"f":{"0":0},"b":{}}
,"/Users/nls.pglenn/github/Codesmith/Prism/server/db/models/userSchema.ts": {"path":"/Users/nls.pglenn/github/Codesmith/Prism/server/db/models/userSchema.ts","statementMap":{"0":{"start":{"line":3,"column":19},"end":{"line":3,"column":27}},"1":{"start":{"line":10,"column":19},"end":{"line":13,"column":2}},"2":{"start":{"line":16,"column":0},"end":{"line":24,"column":3}},"3":{"start":{"line":19,"column":2},"end":{"line":19,"column":53}},"4":{"start":{"line":19,"column":39},"end":{"line":19,"column":53}},"5":{"start":{"line":20,"column":23},"end":{"line":20,"column":47}},"6":{"start":{"line":21,"column":2},"end":{"line":21,"column":20}},"7":{"start":{"line":22,"column":33},"end":{"line":22,"column":71}},"8":{"start":{"line":23,"column":2},"end":{"line":23,"column":33}},"9":{"start":{"line":27,"column":0},"end":{"line":29,"column":2}},"10":{"start":{"line":28,"column":2},"end":{"line":28,"column":60}},"11":{"start":{"line":31,"column":18},"end":{"line":31,"column":60}}},"fnMap":{"0":{"name":"(anonymous_0)","decl":{"start":{"line":16,"column":23},"end":{"line":16,"column":24}},"loc":{"start":{"line":16,"column":45},"end":{"line":24,"column":1}},"line":16},"1":{"name":"(anonymous_1)","decl":{"start":{"line":27,"column":35},"end":{"line":27,"column":36}},"loc":{"start":{"line":27,"column":74},"end":{"line":29,"column":1}},"line":27}},"branchMap":{"0":{"loc":{"start":{"line":19,"column":2},"end":{"line":19,"column":53}},"type":"if","locations":[{"start":{"line":19,"column":2},"end":{"line":19,"column":53}},{"start":{},"end":{}}],"line":19}},"s":{"0":0,"1":0,"2":0,"3":0,"4":0,"5":0,"6":0,"7":0,"8":0,"9":0,"10":0,"11":0},"f":{"0":0,"1":0},"b":{"0":[0,0]}}
,"/Users/nls.pglenn/github/Codesmith/Prism/server/routers/apiRouter.ts": {"path":"/Users/nls.pglenn/github/Codesmith/Prism/server/routers/apiRouter.ts","statementMap":{"0":{"start":{"line":3,"column":23},"end":{"line":3,"column":31}},"1":{"start":{"line":9,"column":0},"end":{"line":23,"column":2}},"2":{"start":{"line":13,"column":4},"end":{"line":18,"column":5}},"3":{"start":{"line":15,"column":6},"end":{"line":15,"column":20}},"4":{"start":{"line":17,"column":6},"end":{"line":17,"column":63}},"5":{"start":{"line":22,"column":16},"end":{"line":22,"column":55}},"6":{"start":{"line":26,"column":0},"end":{"line":31,"column":2}},"7":{"start":{"line":30,"column":16},"end":{"line":30,"column":43}}},"fnMap":{"0":{"name":"(anonymous_0)","decl":{"start":{"line":12,"column":2},"end":{"line":12,"column":3}},"loc":{"start":{"line":12,"column":22},"end":{"line":19,"column":3}},"line":12},"1":{"name":"(anonymous_1)","decl":{"start":{"line":22,"column":2},"end":{"line":22,"column":3}},"loc":{"start":{"line":22,"column":16},"end":{"line":22,"column":55}},"line":22},"2":{"name":"(anonymous_2)","decl":{"start":{"line":30,"column":2},"end":{"line":30,"column":3}},"loc":{"start":{"line":30,"column":16},"end":{"line":30,"column":43}},"line":30}},"branchMap":{"0":{"loc":{"start":{"line":13,"column":4},"end":{"line":18,"column":5}},"type":"if","locations":[{"start":{"line":13,"column":4},"end":{"line":18,"column":5}},{"start":{"line":16,"column":11},"end":{"line":18,"column":5}}],"line":13}},"s":{"0":0,"1":0,"2":0,"3":0,"4":0,"5":0,"6":0,"7":0},"f":{"0":0,"1":0,"2":0},"b":{"0":[0,0]}}
,"/Users/nls.pglenn/github/Codesmith/Prism/server/routers/userRouter.ts": {"path":"/Users/nls.pglenn/github/Codesmith/Prism/server/routers/userRouter.ts","statementMap":{"0":{"start":{"line":5,"column":23},"end":{"line":5,"column":31}},"1":{"start":{"line":7,"column":2},"end":{"line":7,"column":16}},"2":{"start":{"line":9,"column":0},"end":{"line":13,"column":3}},"3":{"start":{"line":12,"column":2},"end":{"line":12,"column":28}},"4":{"start":{"line":15,"column":0},"end":{"line":17,"column":3}},"5":{"start":{"line":16,"column":2},"end":{"line":16,"column":40}},"6":{"start":{"line":19,"column":0},"end":{"line":21,"column":3}},"7":{"start":{"line":20,"column":2},"end":{"line":20,"column":40}}},"fnMap":{"0":{"name":"(anonymous_0)","decl":{"start":{"line":9,"column":45},"end":{"line":9,"column":46}},"loc":{"start":{"line":9,"column":59},"end":{"line":13,"column":1}},"line":9},"1":{"name":"(anonymous_1)","decl":{"start":{"line":15,"column":42},"end":{"line":15,"column":43}},"loc":{"start":{"line":15,"column":56},"end":{"line":17,"column":1}},"line":15},"2":{"name":"(anonymous_2)","decl":{"start":{"line":19,"column":54},"end":{"line":19,"column":55}},"loc":{"start":{"line":19,"column":68},"end":{"line":21,"column":1}},"line":19}},"branchMap":{},"s":{"0":0,"1":0,"2":0,"3":0,"4":0,"5":0,"6":0,"7":0},"f":{"0":0,"1":0,"2":0},"b":{}}
,"/Users/nls.pglenn/github/Codesmith/Prism/types/index.d.ts": {"path":"/Users/nls.pglenn/github/Codesmith/Prism/types/index.d.ts","statementMap":{},"fnMap":{},"branchMap":{},"s":{},"f":{},"b":{}}
,"/Users/nls.pglenn/github/Codesmith/Prism/types/types.ts": {"path":"/Users/nls.pglenn/github/Codesmith/Prism/types/types.ts","statementMap":{},"fnMap":{},"branchMap":{},"s":{},"f":{},"b":{}}
}
